./autogenerate-all-languages.sh references executable file autogenerate.sh
> bash-scripting/autogenerate.sh "python scripting" "py" "python" > auto-python.md
./autogenerate-all-languages.sh references executable file autogenerate.sh
> bash-scripting/autogenerate.sh "bash scripting" "sh" "bash" > auto-bash.md
./autogenerate-all-languages.sh references executable file autogenerate.sh
> bash-scripting/autogenerate.sh "awk scripting" "awk" "awk" > auto-awk.md
./bash-scripting/decorate-xml.sh references kb
> ~/kb/bash-scripting/colorize.sh -g '>[^<]+<' -c '\[[^]]+' -r CDATA -y '<[^>]+ [^>]*>'
./bash-scripting/decorate-xml.sh references executable file colorize.sh
> ~/kb/bash-scripting/colorize.sh -g '>[^<]+<' -c '\[[^]]+' -r CDATA -y '<[^>]+ [^>]*>'
./bash-scripting/decorate-passwd-file.sh references kb
> ~/kb/bash-scripting/colorize.sh -y '^.*sh$' -c '^[^:]+' -r root -g '[^:/]+$' -b 'false|nologin'
./bash-scripting/decorate-passwd-file.sh references executable file colorize.sh
> ~/kb/bash-scripting/colorize.sh -y '^.*sh$' -c '^[^:]+' -r root -g '[^:/]+$' -b 'false|nologin'
./bash-scripting/update-all-git-repos.sh references kb
> ~/kb/bash-scripting/enum-git-repos-in-directory.sh $HOME |\
./bash-scripting/update-all-git-repos.sh references executable file enum-git-repos-in-directory.sh
> ~/kb/bash-scripting/enum-git-repos-in-directory.sh $HOME |\
./bash-scripting/pull-all-git-repos.sh references kb
> ~/kb/bash-scripting/enum-git-repos-in-directory.sh $HOME |\
./bash-scripting/pull-all-git-repos.sh references executable file enum-git-repos-in-directory.sh
> ~/kb/bash-scripting/enum-git-repos-in-directory.sh $HOME |\
./bash-scripting/ubuntu-docker-build-environment.sh references kb
>   export tag=$(~/kb/docker/get-tags.sh ubuntu | fzf --prompt="select tag")
./bash-scripting/ubuntu-docker-build-environment.sh references executable file get-tags.sh
>   export tag=$(~/kb/docker/get-tags.sh ubuntu | fzf --prompt="select tag")
./bash-scripting/ubuntu-docker-build-environment.sh references kb
> ~/kb/docker/templates/ubuntu-dockerfile-template.sh $tag > Dockerfile 
./bash-scripting/ubuntu-docker-build-environment.sh references executable file ubuntu-dockerfile-template.sh
> ~/kb/docker/templates/ubuntu-dockerfile-template.sh $tag > Dockerfile 
./bash-scripting/ubuntu-docker-build-environment.sh references executable file template.sh
> ~/kb/docker/templates/ubuntu-dockerfile-template.sh $tag > Dockerfile 
./bash-scripting/get-current-notes-line-count.sh references kb
> find ~/kb -type f | grep -f ~/kb/notes-extensions | xargs cat | wc -l
./bash-scripting/find-alphanum-base64.sh references kb
> echo "$1" | ~/kb/awk-scripting/space-invader.awk | while read line; do
./bash-scripting/find-alphanum-base64.sh references executable file space-invader.awk
> echo "$1" | ~/kb/awk-scripting/space-invader.awk | while read line; do
./hacking/dockers/crackmapexec.sh references kb
> source ~/kb/docker/build-github-repo-docker-image.sh
./hacking/dockers/crackmapexec.sh references executable file build-github-repo-docker-image.sh
> source ~/kb/docker/build-github-repo-docker-image.sh
./hacking/dockers/impacket.sh references kb
> source ~/kb/docker/build-github-repo-docker-image.sh
./hacking/dockers/impacket.sh references executable file build-github-repo-docker-image.sh
> source ~/kb/docker/build-github-repo-docker-image.sh
./hacking/dockers/enum4linux-ng.sh references kb
> source ~/kb/docker/build-github-repo-docker-image.sh
./hacking/dockers/enum4linux-ng.sh references executable file build-github-repo-docker-image.sh
> source ~/kb/docker/build-github-repo-docker-image.sh
./hacking/cve/get-tsv.sh references kb
>   ~/kb/python/convert-csv-to-tsv.py | \
./hacking/cve/get-tsv.sh references executable file convert-csv-to-tsv.py
>   ~/kb/python/convert-csv-to-tsv.py | \
./hacking/scripts/copy-burp-request-as-python-script.sh references kb
> getparams=$(echo $url | ~/kb/python/get-url-params.py)
./hacking/scripts/copy-burp-request-as-python-script.sh references executable file get-url-params.py
> getparams=$(echo $url | ~/kb/python/get-url-params.py)
./hacking/scripts/copy-burp-request-as-python-script.sh references kb
>   ' $http_request | ~/kb/python/tsv-to-python-dict.py
./hacking/scripts/copy-burp-request-as-python-script.sh references executable file tsv-to-python-dict.py
>   ' $http_request | ~/kb/python/tsv-to-python-dict.py
./hacking/scripts/copy-burp-request-as-python-script.sh references kb
> ' $http_request | ~/kb/python/decode-cookies.py)
./hacking/scripts/copy-burp-request-as-python-script.sh references executable file decode-cookies.py
> ' $http_request | ~/kb/python/decode-cookies.py)
./hacking/scripts/copy-burp-request-as-python-script.sh references kb
>     postdata=$(~/kb/awk-scripting/get-http-post-content.awk $http_request | ~/kb/python/decode-post-params.py)
./hacking/scripts/copy-burp-request-as-python-script.sh references executable file decode-post-params.py
>     postdata=$(~/kb/awk-scripting/get-http-post-content.awk $http_request | ~/kb/python/decode-post-params.py)
./hacking/scripts/copy-burp-request-as-python-script.sh references executable file get-http-post-content.awk
>     postdata=$(~/kb/awk-scripting/get-http-post-content.awk $http_request | ~/kb/python/decode-post-params.py)
